==479271== Memcheck, a memory error detector
==479271== Copyright (C) 2002-2024, and GNU GPL'd, by Julian Seward et al.
==479271== Using Valgrind-3.24.0 and LibVEX; rerun with -h for copyright info
==479271== Command: ./cub3D maps/example.cub
==479271== Parent PID: 479270
==479271== 
==479271== 
==479271== HEAP SUMMARY:
==479271==     in use at exit: 319,009 bytes in 3,381 blocks
==479271==   total heap usage: 114,124 allocs, 110,743 frees, 153,862,651 bytes allocated
==479271== 
==479271== LEAK SUMMARY:
==479271==    definitely lost: 0 bytes in 0 blocks
==479271==    indirectly lost: 0 bytes in 0 blocks
==479271==      possibly lost: 0 bytes in 0 blocks
==479271==    still reachable: 318,929 bytes in 3,379 blocks
==479271==         suppressed: 80 bytes in 2 blocks
==479271== Reachable blocks (those to which a pointer was found) are not shown.
==479271== To see them, rerun with: --leak-check=full --show-leak-kinds=all
==479271== 
==479271== For lists of detected and suppressed errors, rerun with: -s
==479271== ERROR SUMMARY: 0 errors from 0 contexts (suppressed: 0 from 0)
